<?xml version="1.0" encoding="UTF-8"?>
<!-- Generated by org.testng.reporters.JUnitReportReporter -->
<testsuite skipped="0" hostname="LAPTOP-V9RHL4CF" name="com.Testcases.FaceBookLoginTestCase" tests="1" failures="0" timestamp="28 Jun 2020 20:39:29 GMT" time="0.262" errors="0">
  <testcase name="login" time="0.262" classname="com.Testcases.FaceBookLoginTestCase"/>
</testsuite> <!-- com.Testcases.FaceBookLoginTestCase -->
